[2023-11-12T13:11:29.093+0000] {taskinstance.py:1159} INFO - Dependencies all met for dep_context=non-requeueable deps ti=<TaskInstance: Projet1.Extract manual__2023-11-12T13:11:27.165745+00:00 [queued]>
[2023-11-12T13:11:29.102+0000] {taskinstance.py:1159} INFO - Dependencies all met for dep_context=requeueable deps ti=<TaskInstance: Projet1.Extract manual__2023-11-12T13:11:27.165745+00:00 [queued]>
[2023-11-12T13:11:29.103+0000] {taskinstance.py:1361} INFO - Starting attempt 1 of 1
[2023-11-12T13:11:29.116+0000] {taskinstance.py:1382} INFO - Executing <Task(PythonOperator): Extract> on 2023-11-12 13:11:27.165745+00:00
[2023-11-12T13:11:29.122+0000] {standard_task_runner.py:57} INFO - Started process 27867 to run task
[2023-11-12T13:11:29.125+0000] {standard_task_runner.py:84} INFO - Running: ['***', 'tasks', 'run', 'Projet1', 'Extract', 'manual__2023-11-12T13:11:27.165745+00:00', '--job-id', '96', '--raw', '--subdir', 'DAGS_FOLDER/Projet.py', '--cfg-path', '/tmp/tmprbtbnqgl']
[2023-11-12T13:11:29.127+0000] {standard_task_runner.py:85} INFO - Job 96: Subtask Extract
[2023-11-12T13:11:29.176+0000] {task_command.py:416} INFO - Running <TaskInstance: Projet1.Extract manual__2023-11-12T13:11:27.165745+00:00 [running]> on host fb26c01043df
[2023-11-12T13:11:29.257+0000] {taskinstance.py:1662} INFO - Exporting env vars: AIRFLOW_CTX_DAG_OWNER='***' AIRFLOW_CTX_DAG_ID='Projet1' AIRFLOW_CTX_TASK_ID='Extract' AIRFLOW_CTX_EXECUTION_DATE='2023-11-12T13:11:27.165745+00:00' AIRFLOW_CTX_TRY_NUMBER='1' AIRFLOW_CTX_DAG_RUN_ID='manual__2023-11-12T13:11:27.165745+00:00'
[2023-11-12T13:11:29.264+0000] {taskinstance.py:1937} ERROR - Task failed with exception
Traceback (most recent call last):
  File "/home/airflow/.local/lib/python3.8/site-packages/airflow/operators/python.py", line 192, in execute
    return_value = self.execute_callable()
  File "/home/airflow/.local/lib/python3.8/site-packages/airflow/operators/python.py", line 209, in execute_callable
    return self.python_callable(*self.op_args, **self.op_kwargs)
  File "/opt/airflow/dags/Projet.py", line 13, in extract_data
    df = pd.read_csv(csv_file_path, dtype="unicode", usecols=["Code tranches d'age", "Age"])
  File "/home/airflow/.local/lib/python3.8/site-packages/pandas/io/parsers/readers.py", line 912, in read_csv
    return _read(filepath_or_buffer, kwds)
  File "/home/airflow/.local/lib/python3.8/site-packages/pandas/io/parsers/readers.py", line 577, in _read
    parser = TextFileReader(filepath_or_buffer, **kwds)
  File "/home/airflow/.local/lib/python3.8/site-packages/pandas/io/parsers/readers.py", line 1407, in __init__
    self._engine = self._make_engine(f, self.engine)
  File "/home/airflow/.local/lib/python3.8/site-packages/pandas/io/parsers/readers.py", line 1679, in _make_engine
    return mapping[engine](f, **self.options)
  File "/home/airflow/.local/lib/python3.8/site-packages/pandas/io/parsers/c_parser_wrapper.py", line 140, in __init__
    self._validate_usecols_names(usecols, self.orig_names)
  File "/home/airflow/.local/lib/python3.8/site-packages/pandas/io/parsers/base_parser.py", line 959, in _validate_usecols_names
    raise ValueError(
ValueError: Usecols do not match columns, columns expected but not found: ["Code tranches d'age", 'Age']
[2023-11-12T13:11:29.274+0000] {taskinstance.py:1400} INFO - Marking task as FAILED. dag_id=Projet1, task_id=Extract, execution_date=20231112T131127, start_date=20231112T131129, end_date=20231112T131129
[2023-11-12T13:11:29.286+0000] {standard_task_runner.py:104} ERROR - Failed to execute job 96 for task Extract (Usecols do not match columns, columns expected but not found: ["Code tranches d'age", 'Age']; 27867)
[2023-11-12T13:11:29.298+0000] {local_task_job_runner.py:228} INFO - Task exited with return code 1
[2023-11-12T13:11:29.316+0000] {taskinstance.py:2778} INFO - 0 downstream tasks scheduled from follow-on schedule check
